0 info it worked if it ends with ok
1 verbose cli [ 'C:\\Users\\jms219\\Programs\\nodejs\\node.exe',
1 verbose cli   'C:\\Users\\jms219\\Programs\\nodejs\\node_modules\\npm\\bin\\npm-cli.js',
1 verbose cli   'version',
1 verbose cli   'major' ]
2 info using npm@3.8.6
3 info using node@v6.0.0
4 info git [ 'status', '--porcelain' ]
5 verbose stack Error: Git working directory not clean.
5 verbose stack D npm-debug.log
5 verbose stack     at C:\Users\jms219\Programs\nodejs\node_modules\npm\lib\version.js:246:19
5 verbose stack     at ChildProcess.exithandler (child_process.js:193:7)
5 verbose stack     at emitTwo (events.js:106:13)
5 verbose stack     at ChildProcess.emit (events.js:191:7)
5 verbose stack     at maybeClose (internal/child_process.js:850:16)
5 verbose stack     at Socket.<anonymous> (internal/child_process.js:323:11)
5 verbose stack     at emitOne (events.js:96:13)
5 verbose stack     at Socket.emit (events.js:188:7)
5 verbose stack     at Pipe._handle.close [as _onclose] (net.js:485:12)
6 verbose cwd C:\Users\jms219\docs\_PROJECTS\cryptopia-client
7 error Windows_NT 6.1.7601
8 error argv "C:\\Users\\jms219\\Programs\\nodejs\\node.exe" "C:\\Users\\jms219\\Programs\\nodejs\\node_modules\\npm\\bin\\npm-cli.js" "version" "major"
9 error node v6.0.0
10 error npm  v3.8.6
11 error Git working directory not clean.
11 error D npm-debug.log
12 error If you need help, you may report this error at:
12 error     <https://github.com/npm/npm/issues>
13 verbose exit [ 1, true ]
